[2021/09/05 18:52:23.788 +08:00] [INFO] [version.go:43] ["Welcome to dmgr"] ["Release Version"=None] ["Git Commit Hash"=None] ["Git Branch"=None] ["UTC Build Time"=None] ["Go Version"=go1.16.7]
[2021/09/05 18:52:23.788 +08:00] [INFO] [version.go:50] ["dmgr config"] [config="{\"listen-port\":\":9527\",\"db\":{\"host\":\"172.16.4.206\",\"port\":4000,\"user\":\"root\",\"password\":\"\",\"db-name\":\"dmgr\"},\"log\":{\"log-level\":\"info\",\"log-file\":\"./conf/dmgr.log\",\"max-size\":128,\"max-age\":7,\"max-backups\":30},\"MiddlewareConfig\":{\"max-rate-limiter\":30,\"jwt-realm\":\"marvin\",\"jwt-key\":\"pingcap\",\"jwt-timeout\":24,\"jwt-max-refresh\":24}}"]
[2021/09/05 18:52:27.877 +08:00] [FATAL] [main.go:57] ["mysql sync error"] [error="create task table struct failed, err: Error 1071: Specified key was too long; max key length is 3072 bytes\n"] [errorVerbose="create task table struct failed, err: Error 1071: Specified key was too long; max key length is 3072 bytes\n\ngithub.com/wentaojin/dmgr/service.SyncMysqlEngineDB\n\t/Users/marvin/gostore/dmgr/service/db.go:47\nmain.main\n\t/Users/marvin/gostore/dmgr/cmd/main.go:56\nruntime.main\n\t/usr/local/go/src/runtime/proc.go:225\nruntime.goexit\n\t/usr/local/go/src/runtime/asm_arm64.s:1130"] [stack="main.main\n\t/Users/marvin/gostore/dmgr/cmd/main.go:57\nruntime.main\n\t/usr/local/go/src/runtime/proc.go:225"]
[2021/09/05 18:54:54.447 +08:00] [INFO] [version.go:43] ["Welcome to dmgr"] ["Release Version"=None] ["Git Commit Hash"=None] ["Git Branch"=None] ["UTC Build Time"=None] ["Go Version"=go1.16.7]
[2021/09/05 18:54:54.448 +08:00] [INFO] [version.go:50] ["dmgr config"] [config="{\"listen-port\":\":9527\",\"db\":{\"host\":\"172.16.4.206\",\"port\":4000,\"user\":\"root\",\"password\":\"\",\"db-name\":\"dmgr\"},\"log\":{\"log-level\":\"info\",\"log-file\":\"./conf/dmgr.log\",\"max-size\":128,\"max-age\":7,\"max-backups\":30},\"MiddlewareConfig\":{\"max-rate-limiter\":30,\"jwt-realm\":\"marvin\",\"jwt-key\":\"pingcap\",\"jwt-timeout\":24,\"jwt-max-refresh\":24}}"]
[2021/09/05 18:54:55.909 +08:00] [INFO] [router.go:56] ["middleware init-validator"] [success="init middleware validator success"]
[2021/09/05 18:54:55.910 +08:00] [INFO] [router.go:60] ["middleware rate-limiter"] [success="init middleware rate limiter success"]
[2021/09/05 18:54:55.910 +08:00] [INFO] [router.go:64] ["middleware cross-domain"] [success="init gin request cross-domain success"]
[2021/09/05 18:54:55.910 +08:00] [INFO] [router.go:71] ["middleware jwt-auth"] [success="init jwt auth middleware success"]
[2021/09/05 19:06:59.566 +08:00] [INFO] [version.go:43] ["Welcome to dmgr"] ["Release Version"=None] ["Git Commit Hash"=None] ["Git Branch"=None] ["UTC Build Time"=None] ["Go Version"=go1.16.7]
[2021/09/05 19:06:59.567 +08:00] [INFO] [version.go:50] ["dmgr config"] [config="{\"listen-port\":\":9527\",\"db\":{\"host\":\"172.16.4.206\",\"port\":4000,\"user\":\"root\",\"password\":\"\",\"db-name\":\"dmgr\"},\"log\":{\"log-level\":\"info\",\"log-file\":\"./conf/dmgr.log\",\"max-size\":128,\"max-age\":7,\"max-backups\":30},\"MiddlewareConfig\":{\"max-rate-limiter\":30,\"jwt-realm\":\"marvin\",\"jwt-key\":\"pingcap\",\"jwt-timeout\":24,\"jwt-max-refresh\":24}}"]
[2021/09/05 19:07:00.056 +08:00] [INFO] [router.go:56] ["middleware init-validator"] [success="init middleware validator success"]
[2021/09/05 19:07:00.057 +08:00] [INFO] [router.go:60] ["middleware rate-limiter"] [success="init middleware rate limiter success"]
[2021/09/05 19:07:00.057 +08:00] [INFO] [router.go:64] ["middleware cross-domain"] [success="init gin request cross-domain success"]
[2021/09/05 19:07:00.057 +08:00] [INFO] [router.go:71] ["middleware jwt-auth"] [success="init jwt auth middleware success"]
[2021/09/05 19:56:46.921 +08:00] [INFO] [version.go:43] ["Welcome to dmgr"] ["Release Version"=None] ["Git Commit Hash"=None] ["Git Branch"=None] ["UTC Build Time"=None] ["Go Version"=go1.16.7]
[2021/09/05 19:56:46.921 +08:00] [INFO] [version.go:50] ["dmgr config"] [config="{\"listen-port\":\":9527\",\"db\":{\"host\":\"172.16.4.206\",\"port\":4000,\"user\":\"root\",\"password\":\"\",\"db-name\":\"dmgr\"},\"log\":{\"log-level\":\"info\",\"log-file\":\"./conf/dmgr.log\",\"max-size\":128,\"max-age\":7,\"max-backups\":30},\"MiddlewareConfig\":{\"max-rate-limiter\":30,\"jwt-realm\":\"marvin\",\"jwt-key\":\"pingcap\",\"jwt-timeout\":24,\"jwt-max-refresh\":24}}"]
[2021/09/05 19:56:47.413 +08:00] [INFO] [router.go:56] ["middleware init-validator"] [success="init middleware validator success"]
[2021/09/05 19:56:47.414 +08:00] [INFO] [router.go:60] ["middleware rate-limiter"] [success="init middleware rate limiter success"]
[2021/09/05 19:56:47.414 +08:00] [INFO] [router.go:64] ["middleware cross-domain"] [success="init gin request cross-domain success"]
[2021/09/05 19:56:47.414 +08:00] [INFO] [router.go:71] ["middleware jwt-auth"] [success="init jwt auth middleware success"]
